#
# There is insufficient memory for the Java Runtime Environment to continue.
# Native memory allocation (malloc) failed to allocate 32744 bytes. Error detail: Chunk::new
# Possible reasons:
#   The system is out of physical RAM or swap space
#   This process is running with CompressedOops enabled, and the Java Heap may be blocking the growth of the native heap
# Possible solutions:
#   Reduce memory load on the system
#   Increase physical memory or swap space
#   Check if swap backing store is full
#   Decrease Java heap size (-Xmx/-Xms)
#   Decrease number of Java threads
#   Decrease Java thread stack sizes (-Xss)
#   Set larger code cache with -XX:ReservedCodeCacheSize=
#   JVM is running with Unscaled Compressed Oops mode in which the Java heap is
#     placed in the first 4GB address space. The Java Heap base address is the
#     maximum limit for the native heap growth. Please use -XX:HeapBaseMinAddress
#     to set the Java Heap base and to place the Java Heap above 4GB virtual address.
# This output file may be truncated or incomplete.
#
#  Out of Memory Error (arena.cpp:168), pid=15824, tid=16220
#
# JRE version: OpenJDK Runtime Environment Temurin-21.0.8+9 (21.0.8+9) (build 21.0.8+9-LTS)
# Java VM: OpenJDK 64-Bit Server VM Temurin-21.0.8+9 (21.0.8+9-LTS, mixed mode, sharing, tiered, compressed oops, compressed class ptrs, parallel gc, windows-amd64)
# No core dump will be written. Minidumps are not enabled by default on client versions of Windows
#

---------------  S U M M A R Y ------------

Command Line: --add-modules=ALL-SYSTEM --add-opens=java.base/java.util=ALL-UNNAMED --add-opens=java.base/java.lang=ALL-UNNAMED --add-opens=java.base/sun.nio.fs=ALL-UNNAMED -Declipse.application=org.eclipse.jdt.ls.core.id1 -Dosgi.bundles.defaultStartLevel=4 -Declipse.product=org.eclipse.jdt.ls.core.product -Djava.import.generatesMetadataFilesAtProjectRoot=false -DDetectVMInstallationsJob.disabled=true -Dfile.encoding=utf8 -XX:+UseParallelGC -XX:GCTimeRatio=4 -XX:AdaptiveSizePolicyWeight=90 -Dsun.zip.disableMemoryMapping=true -Xmx2G -Xms100m -Xlog:disable -javaagent:c:\Users\OS\.vscode\extensions\redhat.java-1.46.0-win32-x64\lombok\lombok-1.18.39-4050.jar c:\Users\OS\.vscode\extensions\redhat.java-1.46.0-win32-x64\server\plugins\org.eclipse.equinox.launcher_1.7.0.v20250519-0528.jar -configuration c:\Users\OS\AppData\Roaming\Code\User\globalStorage\redhat.java\1.46.0\config_ss_win -data c:\Users\OS\AppData\Roaming\Code\User\workspaceStorage\c1548e1e2ef79f09e72cef297ba1ae20\redhat.java\ss_ws --pipe=\\.\pipe\lsp-2391afb9085da00f3280c35f5a910bf6-sock

Host: 11th Gen Intel(R) Core(TM) i5-11300H @ 3.10GHz, 8 cores, 15G,  Windows 11 , 64 bit Build 22621 (10.0.22621.5415)
Time: Fri Oct 17 22:35:04 2025 SE Asia Standard Time elapsed time: 15.834175 seconds (0d 0h 0m 15s)

---------------  T H R E A D  ---------------

Current thread (0x000001deff70be40):  JavaThread "C2 CompilerThread1" daemon [_thread_in_native, id=16220, stack(0x0000001d13a00000,0x0000001d13b00000) (1024K)]


Current CompileTask:
C2:15834 1924   !   4       java.io.BufferedInputStream::read (54 bytes)

Stack: [0x0000001d13a00000,0x0000001d13b00000]
Native frames: (J=compiled Java code, j=interpreted, Vv=VM code, C=native code)
V  [jvm.dll+0x6d2449]
V  [jvm.dll+0x8ae341]
V  [jvm.dll+0x8b08be]
V  [jvm.dll+0x8b0fa3]
V  [jvm.dll+0x280c96]
V  [jvm.dll+0xc581d]
V  [jvm.dll+0xc5d53]
V  [jvm.dll+0x5b805e]
V  [jvm.dll+0x5b89e3]
V  [jvm.dll+0x385420]
V  [jvm.dll+0x38477a]
V  [jvm.dll+0x248ed0]
V  [jvm.dll+0x2484af]
V  [jvm.dll+0x1c89ee]
V  [jvm.dll+0x257d4d]
V  [jvm.dll+0x2562ea]
V  [jvm.dll+0x3f2d16]
V  [jvm.dll+0x857e6b]
V  [jvm.dll+0x6d0b0d]
C  [ucrtbase.dll+0x29333]
C  [KERNEL32.DLL+0x1259d]
C  [ntdll.dll+0x5af78]


---------------  P R O C E S S  ---------------

Threads class SMR info:
_java_thread_list=0x000001deff788a70, length=17, elements={
0x000001dee25ddb70, 0x000001dee254e590, 0x000001dee2550e00, 0x000001dee25533f0,
0x000001dee25567f0, 0x000001dee25577f0, 0x000001dee2554910, 0x000001dee2555c40,
0x000001dee258c730, 0x000001defa8acda0, 0x000001defaaf3830, 0x000001dec102d080,
0x000001deff7fb900, 0x000001defab87e80, 0x000001deff1018d0, 0x000001deff70be40,
0x000001deff70cbe0
}

Java Threads: ( => current thread )
  0x000001dee25ddb70 JavaThread "main"                              [_thread_blocked, id=15704, stack(0x0000001d12100000,0x0000001d12200000) (1024K)]
  0x000001dee254e590 JavaThread "Reference Handler"          daemon [_thread_blocked, id=16372, stack(0x0000001d12500000,0x0000001d12600000) (1024K)]
  0x000001dee2550e00 JavaThread "Finalizer"                  daemon [_thread_blocked, id=13176, stack(0x0000001d12600000,0x0000001d12700000) (1024K)]
  0x000001dee25533f0 JavaThread "Signal Dispatcher"          daemon [_thread_blocked, id=3096, stack(0x0000001d12700000,0x0000001d12800000) (1024K)]
  0x000001dee25567f0 JavaThread "Attach Listener"            daemon [_thread_blocked, id=304, stack(0x0000001d12800000,0x0000001d12900000) (1024K)]
  0x000001dee25577f0 JavaThread "Service Thread"             daemon [_thread_blocked, id=16344, stack(0x0000001d12900000,0x0000001d12a00000) (1024K)]
  0x000001dee2554910 JavaThread "Monitor Deflation Thread"   daemon [_thread_blocked, id=14600, stack(0x0000001d12a00000,0x0000001d12b00000) (1024K)]
  0x000001dee2555c40 JavaThread "C2 CompilerThread0"         daemon [_thread_blocked, id=15472, stack(0x0000001d12b00000,0x0000001d12c00000) (1024K)]
  0x000001dee258c730 JavaThread "C1 CompilerThread0"         daemon [_thread_blocked, id=13792, stack(0x0000001d12c00000,0x0000001d12d00000) (1024K)]
  0x000001defa8acda0 JavaThread "Common-Cleaner"             daemon [_thread_blocked, id=11192, stack(0x0000001d12d00000,0x0000001d12e00000) (1024K)]
  0x000001defaaf3830 JavaThread "Notification Thread"        daemon [_thread_blocked, id=14824, stack(0x0000001d12e00000,0x0000001d12f00000) (1024K)]
  0x000001dec102d080 JavaThread "Active Thread: Equinox Container: 3c399394-1e9c-451d-bbe3-0be81811f4c2"        [_thread_blocked, id=11584, stack(0x0000001d12f00000,0x0000001d13000000) (1024K)]
  0x000001deff7fb900 JavaThread "Framework Event Dispatcher: Equinox Container: 3c399394-1e9c-451d-bbe3-0be81811f4c2" daemon [_thread_blocked, id=6300, stack(0x0000001d13000000,0x0000001d13100000) (1024K)]
  0x000001defab87e80 JavaThread "Start Level: Equinox Container: 3c399394-1e9c-451d-bbe3-0be81811f4c2" daemon [_thread_in_Java, id=9156, stack(0x0000001d13700000,0x0000001d13800000) (1024K)]
  0x000001deff1018d0 JavaThread "SCR Component Actor"        daemon [_thread_blocked, id=10012, stack(0x0000001d13900000,0x0000001d13a00000) (1024K)]
=>0x000001deff70be40 JavaThread "C2 CompilerThread1"         daemon [_thread_in_native, id=16220, stack(0x0000001d13a00000,0x0000001d13b00000) (1024K)]
  0x000001deff70cbe0 JavaThread "C2 CompilerThread2"         daemon [_thread_in_native, id=11000, stack(0x0000001d13b00000,0x0000001d13c00000) (1024K)]
Total: 17

Other Threads:
  0x000001dee2532840 VMThread "VM Thread"                           [id=15660, stack(0x0000001d12400000,0x0000001d12500000) (1024K)]
  0x000001dee264b930 WatcherThread "VM Periodic Task Thread"        [id=8388, stack(0x0000001d12300000,0x0000001d12400000) (1024K)]
  0x000001dee25fc140 WorkerThread "GC Thread#0"                     [id=16208, stack(0x0000001d12200000,0x0000001d12300000) (1024K)]
  0x000001deff31eaa0 WorkerThread "GC Thread#1"                     [id=11932, stack(0x0000001d13100000,0x0000001d13200000) (1024K)]
  0x000001deff249670 WorkerThread "GC Thread#2"                     [id=16152, stack(0x0000001d13200000,0x0000001d13300000) (1024K)]
  0x000001deff31ee40 WorkerThread "GC Thread#3"                     [id=16052, stack(0x0000001d13300000,0x0000001d13400000) (1024K)]
  0x000001deff31f1e0 WorkerThread "GC Thread#4"                     [id=9468, stack(0x0000001d13400000,0x0000001d13500000) (1024K)]
  0x000001deff63b170 WorkerThread "GC Thread#5"                     [id=12312, stack(0x0000001d13500000,0x0000001d13600000) (1024K)]
  0x000001deff63b510 WorkerThread "GC Thread#6"                     [id=4812, stack(0x0000001d13600000,0x0000001d13700000) (1024K)]
  0x000001defa8652e0 WorkerThread "GC Thread#7"                     [id=7880, stack(0x0000001d13800000,0x0000001d13900000) (1024K)]
Total: 10

Threads with active compile tasks:
C2 CompilerThread1  15849 1924   !   4       java.io.BufferedInputStream::read (54 bytes)
C2 CompilerThread2  15849 1923 %     4       java.io.DataInputStream::readUTF @ 92 (501 bytes)
Total: 2

VM state: not at safepoint (normal execution)

VM Mutex/Monitor currently owned by a thread: None

Heap address: 0x0000000080000000, size: 2048 MB, Compressed Oops mode: 32-bit

CDS archive(s) mapped at: [0x000001de80000000-0x000001de80ba0000-0x000001de80ba0000), size 12189696, SharedBaseAddress: 0x000001de80000000, ArchiveRelocationMode: 1.
Compressed class space mapped at: 0x000001de81000000-0x000001dec1000000, reserved size: 1073741824
Narrow klass base: 0x000001de80000000, Narrow klass shift: 0, Narrow klass range: 0x100000000

GC Precious Log:
 CardTable entry size: 512
 CPUs: 8 total, 8 available
 Memory: 16179M
 Large Page Support: Disabled
 NUMA Support: Disabled
 Compressed Oops: Enabled (32-bit)
 Alignments: Space 512K, Generation 512K, Heap 2M
 Heap Min Capacity: 100M
 Heap Initial Capacity: 100M
 Heap Max Capacity: 2G
 Pre-touch: Disabled
 Parallel Workers: 8

Heap:
 PSYoungGen      total 29696K, used 16041K [0x00000000d5580000, 0x00000000d7680000, 0x0000000100000000)
  eden space 25600K, 46% used [0x00000000d5580000,0x00000000d612b858,0x00000000d6e80000)
  from space 4096K, 99% used [0x00000000d7280000,0x00000000d767ef68,0x00000000d7680000)
  to   space 4096K, 0% used [0x00000000d6e80000,0x00000000d6e80000,0x00000000d7280000)
 ParOldGen       total 68608K, used 921K [0x0000000080000000, 0x0000000084300000, 0x00000000d5580000)
  object space 68608K, 1% used [0x0000000080000000,0x00000000800e6698,0x0000000084300000)
 Metaspace       used 10605K, committed 10944K, reserved 1114112K
  class space    used 1146K, committed 1280K, reserved 1048576K

Card table byte_map: [0x000001dee1f80000,0x000001dee2390000] _byte_map_base: 0x000001dee1b80000

Marking Bits: (ParMarkBitMap*) 0x00007ffd9157a340
 Begin Bits: [0x000001def4a80000, 0x000001def6a80000)
 End Bits:   [0x000001def6a80000, 0x000001def8a80000)

Polling page: 0x000001dee0430000

Metaspace:

Usage:
  Non-class:      9.24 MB used.
      Class:      1.12 MB used.
       Both:     10.36 MB used.

Virtual space:
  Non-class space:       64.00 MB reserved,       9.44 MB ( 15%) committed,  1 nodes.
      Class space:        1.00 GB reserved,       1.25 MB ( <1%) committed,  1 nodes.
             Both:        1.06 GB reserved,      10.69 MB ( <1%) committed. 

Chunk freelists:
   Non-Class:  6.16 MB
       Class:  14.69 MB
        Both:  20.86 MB

MaxMetaspaceSize: unlimited
CompressedClassSpaceSize: 1.00 GB
Initial GC threshold: 21.00 MB
Current GC threshold: 21.00 MB
CDS: on
 - commit_granule_bytes: 65536.
 - commit_granule_words: 8192.
 - virtual_space_node_default_size: 8388608.
 - enlarge_chunks_in_place: 1.
 - use_allocation_guard: 0.


Internal statistics:

num_allocs_failed_limit: 0.
num_arena_births: 250.
num_arena_deaths: 0.
num_vsnodes_births: 2.
num_vsnodes_deaths: 0.
num_space_committed: 171.
num_space_uncommitted: 0.
num_chunks_returned_to_freelist: 0.
num_chunks_taken_from_freelist: 532.
num_chunk_merges: 0.
num_chunk_splits: 347.
num_chunks_enlarged: 241.
num_inconsistent_stats: 0.

CodeHeap 'non-profiled nmethods': size=120000Kb used=833Kb max_used=833Kb free=119167Kb
 bounds [0x000001deed2a0000, 0x000001deed510000, 0x000001def47d0000]
CodeHeap 'profiled nmethods': size=120000Kb used=3486Kb max_used=3486Kb free=116513Kb
 bounds [0x000001dee57d0000, 0x000001dee5b40000, 0x000001deecd00000]
CodeHeap 'non-nmethods': size=5760Kb used=1233Kb max_used=1252Kb free=4527Kb
 bounds [0x000001deecd00000, 0x000001deecf70000, 0x000001deed2a0000]
CodeCache: size=245760Kb, used=5552Kb, max_used=5571Kb, free=240207Kb
 total_blobs=2413, nmethods=1923, adapters=397, full_count=0
Compilation: enabled, stopped_count=0, restarted_count=0

Compilation events (20 events):
Event: 15.799 Thread 0x000001dee258c730 nmethod 1908 0x000001dee5b32910 code [0x000001dee5b32b00, 0x000001dee5b33030]
Event: 15.799 Thread 0x000001dee258c730 1909       3       java.lang.invoke.VarHandleGuards::guard_LI_J (78 bytes)
Event: 15.800 Thread 0x000001dee258c730 nmethod 1909 0x000001dee5b33290 code [0x000001dee5b335c0, 0x000001dee5b34d90]
Event: 15.800 Thread 0x000001dee258c730 1913       3       jdk.internal.misc.Unsafe::getLongUnaligned (12 bytes)
Event: 15.801 Thread 0x000001dee258c730 nmethod 1913 0x000001dee5b35490 code [0x000001dee5b35640, 0x000001dee5b35820]
Event: 15.801 Thread 0x000001dee258c730 1911       3       java.lang.invoke.VarHandleByteArrayAsLongs$ArrayHandle::get (36 bytes)
Event: 15.801 Thread 0x000001dee258c730 nmethod 1911 0x000001dee5b35910 code [0x000001dee5b35ae0, 0x000001dee5b35eb8]
Event: 15.801 Thread 0x000001dee258c730 1912       3       java.lang.invoke.VarHandleByteArrayAsLongs$ArrayHandle::index (13 bytes)
Event: 15.801 Thread 0x000001dee258c730 nmethod 1912 0x000001dee5b36090 code [0x000001dee5b36240, 0x000001dee5b36388]
Event: 15.801 Thread 0x000001dee258c730 1915   !   3       java.lang.invoke.LambdaForm::compileToBytecode (164 bytes)
Event: 15.802 Thread 0x000001dee258c730 nmethod 1915 0x000001dee5b36490 code [0x000001dee5b36700, 0x000001dee5b36fa0]
Event: 15.802 Thread 0x000001dee258c730 1916       3       java.lang.invoke.InnerClassLambdaMetafactory::getOpcodeOffset (38 bytes)
Event: 15.802 Thread 0x000001dee258c730 nmethod 1916 0x000001dee5b37290 code [0x000001dee5b37460, 0x000001dee5b37718]
Event: 15.803 Thread 0x000001dee258c730 1917       3       sun.invoke.util.Wrapper::isDoubleWord (15 bytes)
Event: 15.803 Thread 0x000001dee258c730 nmethod 1917 0x000001dee5b37810 code [0x000001dee5b379a0, 0x000001dee5b37b08]
Event: 15.807 Thread 0x000001dee2555c40 1919   !   4       java.io.BufferedInputStream::read (69 bytes)
Event: 15.825 Thread 0x000001dee2555c40 nmethod 1919 0x000001deed36cd10 code [0x000001deed36cfc0, 0x000001deed36df98]
Event: 15.828 Thread 0x000001deff70cbe0 1923 %     4       java.io.DataInputStream::readUTF @ 92 (501 bytes)
Event: 15.828 Thread 0x000001deff70be40 1924   !   4       java.io.BufferedInputStream::read (54 bytes)
Event: 15.829 Thread 0x000001dee2555c40 1920       4       java.io.DataInputStream::readFully (59 bytes)

GC Heap History (4 events):
Event: 1.365 GC heap before
{Heap before GC invocations=1 (full 0):
 PSYoungGen      total 29696K, used 25600K [0x00000000d5580000, 0x00000000d7680000, 0x0000000100000000)
  eden space 25600K, 100% used [0x00000000d5580000,0x00000000d6e80000,0x00000000d6e80000)
  from space 4096K, 0% used [0x00000000d7280000,0x00000000d7280000,0x00000000d7680000)
  to   space 4096K, 0% used [0x00000000d6e80000,0x00000000d6e80000,0x00000000d7280000)
 ParOldGen       total 68608K, used 0K [0x0000000080000000, 0x0000000084300000, 0x00000000d5580000)
  object space 68608K, 0% used [0x0000000080000000,0x0000000080000000,0x0000000084300000)
 Metaspace       used 4281K, committed 4544K, reserved 1114112K
  class space    used 470K, committed 576K, reserved 1048576K
}
Event: 1.388 GC heap after
{Heap after GC invocations=1 (full 0):
 PSYoungGen      total 29696K, used 3335K [0x00000000d5580000, 0x00000000d7680000, 0x0000000100000000)
  eden space 25600K, 0% used [0x00000000d5580000,0x00000000d5580000,0x00000000d6e80000)
  from space 4096K, 81% used [0x00000000d6e80000,0x00000000d71c1e18,0x00000000d7280000)
  to   space 4096K, 0% used [0x00000000d7280000,0x00000000d7280000,0x00000000d7680000)
 ParOldGen       total 68608K, used 0K [0x0000000080000000, 0x0000000084300000, 0x00000000d5580000)
  object space 68608K, 0% used [0x0000000080000000,0x0000000080000000,0x0000000084300000)
 Metaspace       used 4281K, committed 4544K, reserved 1114112K
  class space    used 470K, committed 576K, reserved 1048576K
}
Event: 15.426 GC heap before
{Heap before GC invocations=2 (full 0):
 PSYoungGen      total 29696K, used 28935K [0x00000000d5580000, 0x00000000d7680000, 0x0000000100000000)
  eden space 25600K, 100% used [0x00000000d5580000,0x00000000d6e80000,0x00000000d6e80000)
  from space 4096K, 81% used [0x00000000d6e80000,0x00000000d71c1e18,0x00000000d7280000)
  to   space 4096K, 0% used [0x00000000d7280000,0x00000000d7280000,0x00000000d7680000)
 ParOldGen       total 68608K, used 0K [0x0000000080000000, 0x0000000084300000, 0x00000000d5580000)
  object space 68608K, 0% used [0x0000000080000000,0x0000000080000000,0x0000000084300000)
 Metaspace       used 8206K, committed 8512K, reserved 1114112K
  class space    used 875K, committed 1024K, reserved 1048576K
}
Event: 15.431 GC heap after
{Heap after GC invocations=2 (full 0):
 PSYoungGen      total 29696K, used 4091K [0x00000000d5580000, 0x00000000d7680000, 0x0000000100000000)
  eden space 25600K, 0% used [0x00000000d5580000,0x00000000d5580000,0x00000000d6e80000)
  from space 4096K, 99% used [0x00000000d7280000,0x00000000d767ef68,0x00000000d7680000)
  to   space 4096K, 0% used [0x00000000d6e80000,0x00000000d6e80000,0x00000000d7280000)
 ParOldGen       total 68608K, used 921K [0x0000000080000000, 0x0000000084300000, 0x00000000d5580000)
  object space 68608K, 1% used [0x0000000080000000,0x00000000800e6698,0x0000000084300000)
 Metaspace       used 8206K, committed 8512K, reserved 1114112K
  class space    used 875K, committed 1024K, reserved 1048576K
}

Dll operation events (9 events):
Event: 0.011 Loaded shared library c:\Users\OS\.vscode\extensions\redhat.java-1.46.0-win32-x64\jre\21.0.8-win32-x86_64\bin\java.dll
Event: 0.162 Loaded shared library c:\Users\OS\.vscode\extensions\redhat.java-1.46.0-win32-x64\jre\21.0.8-win32-x86_64\bin\zip.dll
Event: 0.184 Loaded shared library C:\Users\OS\.vscode\extensions\redhat.java-1.46.0-win32-x64\jre\21.0.8-win32-x86_64\bin\instrument.dll
Event: 0.188 Loaded shared library C:\Users\OS\.vscode\extensions\redhat.java-1.46.0-win32-x64\jre\21.0.8-win32-x86_64\bin\net.dll
Event: 0.189 Loaded shared library C:\Users\OS\.vscode\extensions\redhat.java-1.46.0-win32-x64\jre\21.0.8-win32-x86_64\bin\nio.dll
Event: 0.194 Loaded shared library C:\Users\OS\.vscode\extensions\redhat.java-1.46.0-win32-x64\jre\21.0.8-win32-x86_64\bin\zip.dll
Event: 0.246 Loaded shared library C:\Users\OS\.vscode\extensions\redhat.java-1.46.0-win32-x64\jre\21.0.8-win32-x86_64\bin\jimage.dll
Event: 0.413 Loaded shared library c:\Users\OS\.vscode\extensions\redhat.java-1.46.0-win32-x64\jre\21.0.8-win32-x86_64\bin\verify.dll
Event: 15.596 Loaded shared library C:\Users\OS\AppData\Roaming\Code\User\globalStorage\redhat.java\1.46.0\config_ss_win\org.eclipse.equinox.launcher\org.eclipse.equinox.launcher.win32.win32.x86_64_1.2.1400.v20250801-0854\eclipse_11916.dll

Deoptimization events (20 events):
Event: 2.654 Thread 0x000001dee25ddb70 DEOPT PACKING pc=0x000001dee5942008 sp=0x0000001d121fc8d0
Event: 2.654 Thread 0x000001dee25ddb70 DEOPT UNPACKING pc=0x000001deecd578e2 sp=0x0000001d121fbd50 mode 0
Event: 2.655 Thread 0x000001dee25ddb70 DEOPT PACKING pc=0x000001dee5942008 sp=0x0000001d121fcbd0
Event: 2.655 Thread 0x000001dee25ddb70 DEOPT UNPACKING pc=0x000001deecd578e2 sp=0x0000001d121fc050 mode 0
Event: 15.399 Thread 0x000001defab87e80 Uncommon trap: trap_request=0xffffff6e fr.pc=0x000001deed318328 relative=0x0000000000000368
Event: 15.399 Thread 0x000001defab87e80 Uncommon trap: reason=loop_limit_check action=maybe_recompile pc=0x000001deed318328 method=java.lang.StringLatin1.indexOf([BI[BII)I @ 37 c2
Event: 15.399 Thread 0x000001defab87e80 DEOPT PACKING pc=0x000001deed318328 sp=0x0000001d137f8900
Event: 15.399 Thread 0x000001defab87e80 DEOPT UNPACKING pc=0x000001deecd56da2 sp=0x0000001d137f8860 mode 2
Event: 15.684 Thread 0x000001defab87e80 Uncommon trap: trap_request=0xffffff45 fr.pc=0x000001deed3559c8 relative=0x00000000000009e8
Event: 15.684 Thread 0x000001defab87e80 Uncommon trap: reason=unstable_if action=reinterpret pc=0x000001deed3559c8 method=java.util.concurrent.ConcurrentHashMap.putVal(Ljava/lang/Object;Ljava/lang/Object;Z)Ljava/lang/Object; @ 148 c2
Event: 15.684 Thread 0x000001defab87e80 DEOPT PACKING pc=0x000001deed3559c8 sp=0x0000001d137f8810
Event: 15.685 Thread 0x000001defab87e80 DEOPT UNPACKING pc=0x000001deecd56da2 sp=0x0000001d137f8780 mode 2
Event: 15.692 Thread 0x000001defab87e80 Uncommon trap: trap_request=0xffffff45 fr.pc=0x000001deed3606b0 relative=0x0000000000001530
Event: 15.692 Thread 0x000001defab87e80 Uncommon trap: reason=unstable_if action=reinterpret pc=0x000001deed3606b0 method=java.io.WinNTFileSystem.normalize(Ljava/lang/String;II)Ljava/lang/String; @ 100 c2
Event: 15.692 Thread 0x000001defab87e80 DEOPT PACKING pc=0x000001deed3606b0 sp=0x0000001d137f8c60
Event: 15.692 Thread 0x000001defab87e80 DEOPT UNPACKING pc=0x000001deecd56da2 sp=0x0000001d137f8ba0 mode 2
Event: 15.740 Thread 0x000001defab87e80 Uncommon trap: trap_request=0xffffff45 fr.pc=0x000001deed322db4 relative=0x0000000000000094
Event: 15.740 Thread 0x000001defab87e80 Uncommon trap: reason=unstable_if action=reinterpret pc=0x000001deed322db4 method=java.io.BufferedInputStream.getBufIfOpen(Z)[B @ 13 c2
Event: 15.740 Thread 0x000001defab87e80 DEOPT PACKING pc=0x000001deed322db4 sp=0x0000001d137f8540
Event: 15.740 Thread 0x000001defab87e80 DEOPT UNPACKING pc=0x000001deecd56da2 sp=0x0000001d137f84c0 mode 2

Classes loaded (20 events):
Event: 15.724 Loading class java/lang/CloneNotSupportedException
Event: 15.724 Loading class java/lang/CloneNotSupportedException done
Event: 15.802 Loading class java/util/stream/ReferencePipeline$5
Event: 15.802 Loading class java/util/stream/LongPipeline$StatelessOp
Event: 15.802 Loading class java/util/stream/LongPipeline
Event: 15.803 Loading class java/util/stream/LongStream
Event: 15.803 Loading class java/util/stream/LongStream done
Event: 15.803 Loading class java/util/stream/LongPipeline done
Event: 15.803 Loading class java/util/stream/LongPipeline$StatelessOp done
Event: 15.803 Loading class java/util/stream/ReferencePipeline$5 done
Event: 15.803 Loading class java/util/function/LongBinaryOperator
Event: 15.803 Loading class java/util/function/LongBinaryOperator done
Event: 15.804 Loading class java/util/stream/ReduceOps$10
Event: 15.804 Loading class java/util/stream/ReduceOps$10 done
Event: 15.804 Loading class java/util/stream/ReduceOps$8ReducingSink
Event: 15.804 Loading class java/util/stream/Sink$OfLong
Event: 15.804 Loading class java/util/stream/Sink$OfLong done
Event: 15.804 Loading class java/util/stream/ReduceOps$8ReducingSink done
Event: 15.804 Loading class java/util/stream/ReferencePipeline$5$1
Event: 15.804 Loading class java/util/stream/ReferencePipeline$5$1 done

Classes unloaded (0 events):
No events

Classes redefined (0 events):
No events

Internal exceptions (20 events):
Event: 1.394 Thread 0x000001dee25ddb70 Exception <a 'java/lang/ClassNotFoundException'{0x00000000d55a3db8}: sun/net/www/protocol/c/Handler> (0x00000000d55a3db8) 
thrown [s\src\hotspot\share\classfile\systemDictionary.cpp, line 312]
Event: 1.405 Thread 0x000001dee25ddb70 Exception <a 'java/io/FileNotFoundException'{0x00000000d55c8760}> (0x00000000d55c8760) 
thrown [s\src\hotspot\share\prims\jni.cpp, line 520]
Event: 1.478 Thread 0x000001dee25ddb70 Implicit null exception at 0x000001deed314dc9 to 0x000001deed3158bc
Event: 1.478 Thread 0x000001dee25ddb70 Implicit null exception at 0x000001deed30689a to 0x000001deed306aa4
Event: 1.479 Thread 0x000001dee25ddb70 Exception <a 'java/lang/NoSuchMethodError'{0x00000000d5774678}: 'void java.lang.invoke.DirectMethodHandle$Holder.invokeStatic(java.lang.Object, java.lang.Object, java.lang.Object, java.lang.Object)'> (0x00000000d5774678) 
thrown [s\src\hotspot\share\interpreter\linkResolver.cpp, line 773]
Event: 1.483 Thread 0x000001dee25ddb70 Implicit null exception at 0x000001deed303abc to 0x000001deed303d48
Event: 1.483 Thread 0x000001dee25ddb70 Implicit null exception at 0x000001deed31383d to 0x000001deed3138c1
Event: 1.787 Thread 0x000001dee25ddb70 Exception <a 'java/lang/NoSuchMethodError'{0x00000000d59e9388}: 'void java.lang.invoke.DirectMethodHandle$Holder.invokeSpecial(java.lang.Object, java.lang.Object, java.lang.Object)'> (0x00000000d59e9388) 
thrown [s\src\hotspot\share\interpreter\linkResolver.cpp, line 773]
Event: 2.225 Thread 0x000001dee25ddb70 Exception <a 'java/lang/NoSuchMethodError'{0x00000000d62952a0}: 'int java.lang.invoke.DirectMethodHandle$Holder.invokeVirtual(java.lang.Object, java.lang.Object)'> (0x00000000d62952a0) 
thrown [s\src\hotspot\share\interpreter\linkResolver.cpp, line 773]
Event: 2.319 Thread 0x000001dee25ddb70 Exception <a 'java/lang/NoSuchMethodError'{0x00000000d6409360}: 'int java.lang.invoke.DirectMethodHandle$Holder.invokeStaticInit(java.lang.Object, java.lang.Object, java.lang.Object, java.lang.Object)'> (0x00000000d6409360) 
thrown [s\src\hotspot\share\interpreter\linkResolver.cpp, line 773]
Event: 2.320 Thread 0x000001dee25ddb70 Exception <a 'java/lang/IncompatibleClassChangeError'{0x00000000d64117e8}: Found class java.lang.Object, but interface was expected> (0x00000000d64117e8) 
thrown [s\src\hotspot\share\interpreter\linkResolver.cpp, line 840]
Event: 2.325 Thread 0x000001dee25ddb70 Exception <a 'java/lang/NoSuchMethodError'{0x00000000d6417df8}: 'void java.lang.invoke.DirectMethodHandle$Holder.invokeStaticInit(java.lang.Object, java.lang.Object)'> (0x00000000d6417df8) 
thrown [s\src\hotspot\share\interpreter\linkResolver.cpp, line 773]
Event: 2.360 Thread 0x000001dee25ddb70 Exception <a 'java/lang/NoSuchMethodError'{0x00000000d6421010}: 'int java.lang.invoke.DirectMethodHandle$Holder.invokeStaticInit(java.lang.Object, java.lang.Object)'> (0x00000000d6421010) 
thrown [s\src\hotspot\share\interpreter\linkResolver.cpp, line 773]
Event: 2.520 Thread 0x000001dee25ddb70 Exception <a 'java/lang/NoSuchMethodError'{0x00000000d6666530}: 'java.lang.Object java.lang.invoke.DirectMethodHandle$Holder.newInvokeSpecial(java.lang.Object, int, java.lang.Object)'> (0x00000000d6666530) 
thrown [s\src\hotspot\share\interpreter\linkResolver.cpp, line 773]
Event: 2.612 Thread 0x000001dee25ddb70 Exception <a 'java/lang/ClassNotFoundException'{0x00000000d687d6a8}: sun/net/www/protocol/plurl/Handler> (0x00000000d687d6a8) 
thrown [s\src\hotspot\share\classfile\systemDictionary.cpp, line 312]
Event: 2.612 Thread 0x000001dee25ddb70 Exception <a 'java/lang/ClassNotFoundException'{0x00000000d687e528}: sun/net/www/protocol/plurl/Handler> (0x00000000d687e528) 
thrown [s\src\hotspot\share\classfile\systemDictionary.cpp, line 312]
Event: 15.341 Thread 0x000001dee25ddb70 Exception <a 'java/lang/UnsatisfiedLinkError'{0x00000000d6c7a2e8}: 'void org.eclipse.equinox.launcher.JNIBridge._update_splash()'> (0x00000000d6c7a2e8) 
thrown [s\src\hotspot\share\prims\nativeLookup.cpp, line 415]
Event: 15.486 Thread 0x000001defab87e80 Exception <a 'java/lang/NullPointerException'{0x00000000d5743750}> (0x00000000d5743750) 
thrown [s\src\hotspot\share\interpreter\linkResolver.cpp, line 1372]
Event: 15.486 Thread 0x000001defab87e80 Exception <a 'java/lang/NullPointerException'{0x00000000d5743a30}> (0x00000000d5743a30) 
thrown [s\src\hotspot\share\interpreter\linkResolver.cpp, line 1372]
Event: 15.802 Thread 0x000001defab87e80 Exception <a 'java/lang/NoSuchMethodError'{0x00000000d60a41d0}: 'long java.lang.invoke.DirectMethodHandle$Holder.invokeSpecial(java.lang.Object, java.lang.Object)'> (0x00000000d60a41d0) 
thrown [s\src\hotspot\share\interpreter\linkResolver.cpp, line 773]

ZGC Phase Switch (0 events):
No events

VM Operations (20 events):
Event: 1.353 Executing VM operation: HandshakeAllThreads (Deoptimize)
Event: 1.353 Executing VM operation: HandshakeAllThreads (Deoptimize) done
Event: 1.365 Executing VM operation: ParallelGCFailedAllocation (Allocation Failure)
Event: 1.388 Executing VM operation: ParallelGCFailedAllocation (Allocation Failure) done
Event: 2.394 Executing VM operation: Cleanup
Event: 2.409 Executing VM operation: Cleanup done
Event: 2.481 Executing VM operation: HandshakeAllThreads (Deoptimize)
Event: 2.499 Executing VM operation: HandshakeAllThreads (Deoptimize) done
Event: 2.509 Executing VM operation: HandshakeAllThreads (Deoptimize)
Event: 2.509 Executing VM operation: HandshakeAllThreads (Deoptimize) done
Event: 2.608 Executing VM operation: HandshakeAllThreads (Deoptimize)
Event: 2.608 Executing VM operation: HandshakeAllThreads (Deoptimize) done
Event: 3.619 Executing VM operation: Cleanup
Event: 3.619 Executing VM operation: Cleanup done
Event: 4.630 Executing VM operation: Cleanup
Event: 4.630 Executing VM operation: Cleanup done
Event: 15.426 Executing VM operation: ParallelGCFailedAllocation (Allocation Failure)
Event: 15.431 Executing VM operation: ParallelGCFailedAllocation (Allocation Failure) done
Event: 15.646 Executing VM operation: HandshakeAllThreads (Deoptimize)
Event: 15.646 Executing VM operation: HandshakeAllThreads (Deoptimize) done

Memory protections (0 events):
No events

Nmethod flushes (0 events):
No events

Events (20 events):
Event: 0.104 Thread 0x000001dee25ddb70 Thread added: 0x000001dee25577f0
Event: 0.105 Thread 0x000001dee25ddb70 Thread added: 0x000001dee2554910
Event: 0.105 Thread 0x000001dee25ddb70 Thread added: 0x000001dee2555c40
Event: 0.112 Thread 0x000001dee25ddb70 Thread added: 0x000001dee258c730
Event: 0.143 Thread 0x000001dee25ddb70 Thread added: 0x000001defa8acda0
Event: 0.652 Thread 0x000001dee25ddb70 Thread added: 0x000001defaaf3830
Event: 0.656 Thread 0x000001dee258c730 Thread added: 0x000001defaafeff0
Event: 0.829 Thread 0x000001dee258c730 Thread added: 0x000001defabf55d0
Event: 1.597 Thread 0x000001defabf55d0 Thread exited: 0x000001defabf55d0
Event: 1.618 Thread 0x000001defaafeff0 Thread exited: 0x000001defaafeff0
Event: 1.879 Thread 0x000001dee258c730 Thread added: 0x000001deff35e670
Event: 1.881 Thread 0x000001deff35e670 Thread added: 0x000001dec102d080
Event: 2.369 Thread 0x000001dec102d080 Thread exited: 0x000001dec102d080
Event: 2.369 Thread 0x000001deff35e670 Thread exited: 0x000001deff35e670
Event: 2.422 Thread 0x000001dee25ddb70 Thread added: 0x000001dec102d080
Event: 15.335 Thread 0x000001dee25ddb70 Thread added: 0x000001deff7fb900
Event: 15.338 Thread 0x000001dee25ddb70 Thread added: 0x000001defab87e80
Event: 15.601 Thread 0x000001defab87e80 Thread added: 0x000001deff1018d0
Event: 15.825 Thread 0x000001dee2555c40 Thread added: 0x000001deff70be40
Event: 15.828 Thread 0x000001dee2555c40 Thread added: 0x000001deff70cbe0


Dynamic libraries:
0x00007ff6548d0000 - 0x00007ff6548de000 	c:\Users\OS\.vscode\extensions\redhat.java-1.46.0-win32-x64\jre\21.0.8-win32-x86_64\bin\java.exe
0x00007ffe5c9b0000 - 0x00007ffe5cbc7000 	C:\WINDOWS\SYSTEM32\ntdll.dll
0x00007ffe5a8e0000 - 0x00007ffe5a9a4000 	C:\WINDOWS\System32\KERNEL32.DLL
0x00007ffe59b20000 - 0x00007ffe59ef2000 	C:\WINDOWS\System32\KERNELBASE.dll
0x00007ffe5a070000 - 0x00007ffe5a181000 	C:\WINDOWS\System32\ucrtbase.dll
0x00007ffe16fd0000 - 0x00007ffe16fe8000 	c:\Users\OS\.vscode\extensions\redhat.java-1.46.0-win32-x64\jre\21.0.8-win32-x86_64\bin\jli.dll
0x00007ffe5b1b0000 - 0x00007ffe5b361000 	C:\WINDOWS\System32\USER32.dll
0x00007ffe59f00000 - 0x00007ffe59f26000 	C:\WINDOWS\System32\win32u.dll
0x00007ffe5ac40000 - 0x00007ffe5ac69000 	C:\WINDOWS\System32\GDI32.dll
0x00007ffe5a2d0000 - 0x00007ffe5a3f3000 	C:\WINDOWS\System32\gdi32full.dll
0x00007ffe5a570000 - 0x00007ffe5a60a000 	C:\WINDOWS\System32\msvcp_win.dll
0x00007ffe1ab70000 - 0x00007ffe1ab8e000 	c:\Users\OS\.vscode\extensions\redhat.java-1.46.0-win32-x64\jre\21.0.8-win32-x86_64\bin\VCRUNTIME140.dll
0x00007ffe4fd50000 - 0x00007ffe4ffeb000 	C:\WINDOWS\WinSxS\amd64_microsoft.windows.common-controls_6595b64144ccf1df_6.0.22621.5547_none_27104afb73855772\COMCTL32.dll
0x00007ffe5ad00000 - 0x00007ffe5ada7000 	C:\WINDOWS\System32\msvcrt.dll
0x00007ffe5c890000 - 0x00007ffe5c8c1000 	C:\WINDOWS\System32\IMM32.DLL
0x00007ffe50d40000 - 0x00007ffe50d4c000 	c:\Users\OS\.vscode\extensions\redhat.java-1.46.0-win32-x64\jre\21.0.8-win32-x86_64\bin\vcruntime140_1.dll
0x00007ffdf1c10000 - 0x00007ffdf1c9d000 	c:\Users\OS\.vscode\extensions\redhat.java-1.46.0-win32-x64\jre\21.0.8-win32-x86_64\bin\msvcp140.dll
0x00007ffd908c0000 - 0x00007ffd91657000 	c:\Users\OS\.vscode\extensions\redhat.java-1.46.0-win32-x64\jre\21.0.8-win32-x86_64\bin\server\jvm.dll
0x00007ffe5ab80000 - 0x00007ffe5ac31000 	C:\WINDOWS\System32\ADVAPI32.dll
0x00007ffe5a760000 - 0x00007ffe5a808000 	C:\WINDOWS\System32\sechost.dll
0x00007ffe5a610000 - 0x00007ffe5a638000 	C:\WINDOWS\System32\bcrypt.dll
0x00007ffe5adb0000 - 0x00007ffe5aec4000 	C:\WINDOWS\System32\RPCRT4.dll
0x00007ffe5c8f0000 - 0x00007ffe5c961000 	C:\WINDOWS\System32\WS2_32.dll
0x00007ffe58920000 - 0x00007ffe5896d000 	C:\WINDOWS\SYSTEM32\POWRPROF.dll
0x00007ffe50c30000 - 0x00007ffe50c64000 	C:\WINDOWS\SYSTEM32\WINMM.dll
0x00007ffe56700000 - 0x00007ffe5670a000 	C:\WINDOWS\SYSTEM32\VERSION.dll
0x00007ffe58900000 - 0x00007ffe58913000 	C:\WINDOWS\SYSTEM32\UMPDC.dll
0x00007ffe58bc0000 - 0x00007ffe58bd8000 	C:\WINDOWS\SYSTEM32\kernel.appcore.dll
0x00007ffe50c70000 - 0x00007ffe50c7a000 	c:\Users\OS\.vscode\extensions\redhat.java-1.46.0-win32-x64\jre\21.0.8-win32-x86_64\bin\jimage.dll
0x00007ffe56d90000 - 0x00007ffe56fc3000 	C:\WINDOWS\SYSTEM32\DBGHELP.DLL
0x00007ffe5b900000 - 0x00007ffe5bc93000 	C:\WINDOWS\System32\combase.dll
0x00007ffe5c5d0000 - 0x00007ffe5c6a7000 	C:\WINDOWS\System32\OLEAUT32.dll
0x00007ffe566c0000 - 0x00007ffe566f2000 	C:\WINDOWS\SYSTEM32\dbgcore.DLL
0x00007ffe59aa0000 - 0x00007ffe59b1b000 	C:\WINDOWS\System32\bcryptPrimitives.dll
0x00007ffe43de0000 - 0x00007ffe43def000 	c:\Users\OS\.vscode\extensions\redhat.java-1.46.0-win32-x64\jre\21.0.8-win32-x86_64\bin\instrument.dll
0x00007ffe0f510000 - 0x00007ffe0f52f000 	c:\Users\OS\.vscode\extensions\redhat.java-1.46.0-win32-x64\jre\21.0.8-win32-x86_64\bin\java.dll
0x00007ffe5bca0000 - 0x00007ffe5c542000 	C:\WINDOWS\System32\SHELL32.dll
0x00007ffe5a190000 - 0x00007ffe5a2cf000 	C:\WINDOWS\System32\wintypes.dll
0x00007ffe579e0000 - 0x00007ffe582fd000 	C:\WINDOWS\SYSTEM32\windows.storage.dll
0x00007ffe5b7f0000 - 0x00007ffe5b8fc000 	C:\WINDOWS\System32\SHCORE.dll
0x00007ffe5c560000 - 0x00007ffe5c5c9000 	C:\WINDOWS\System32\shlwapi.dll
0x00007ffe599d0000 - 0x00007ffe599fb000 	C:\WINDOWS\SYSTEM32\profapi.dll
0x00007ffe0f480000 - 0x00007ffe0f498000 	c:\Users\OS\.vscode\extensions\redhat.java-1.46.0-win32-x64\jre\21.0.8-win32-x86_64\bin\zip.dll
0x00007ffe4eea0000 - 0x00007ffe4eeb0000 	C:\Users\OS\.vscode\extensions\redhat.java-1.46.0-win32-x64\jre\21.0.8-win32-x86_64\bin\net.dll
0x00007ffe54330000 - 0x00007ffe5445c000 	C:\WINDOWS\SYSTEM32\WINHTTP.dll
0x00007ffe59040000 - 0x00007ffe590a9000 	C:\WINDOWS\system32\mswsock.dll
0x00007ffe0f460000 - 0x00007ffe0f476000 	C:\Users\OS\.vscode\extensions\redhat.java-1.46.0-win32-x64\jre\21.0.8-win32-x86_64\bin\nio.dll
0x00007ffe43060000 - 0x00007ffe43070000 	c:\Users\OS\.vscode\extensions\redhat.java-1.46.0-win32-x64\jre\21.0.8-win32-x86_64\bin\verify.dll
0x00007ffded660000 - 0x00007ffded6a4000 	C:\Users\OS\AppData\Roaming\Code\User\globalStorage\redhat.java\1.46.0\config_ss_win\org.eclipse.equinox.launcher\org.eclipse.equinox.launcher.win32.win32.x86_64_1.2.1400.v20250801-0854\eclipse_11916.dll
0x00007ffe5aed0000 - 0x00007ffe5b070000 	C:\WINDOWS\System32\ole32.dll

JVMTI agents:
c:\Users\OS\.vscode\extensions\redhat.java-1.46.0-win32-x64\lombok\lombok-1.18.39-4050.jar path:c:\Users\OS\.vscode\extensions\redhat.java-1.46.0-win32-x64\jre\21.0.8-win32-x86_64\bin\instrument.dll, loaded, initialized, instrumentlib options:none

dbghelp: loaded successfully - version: 4.0.5 - missing functions: none
symbol engine: initialized successfully - sym options: 0x614 - pdb path: .;c:\Users\OS\.vscode\extensions\redhat.java-1.46.0-win32-x64\jre\21.0.8-win32-x86_64\bin;C:\WINDOWS\SYSTEM32;C:\WINDOWS\WinSxS\amd64_microsoft.windows.common-controls_6595b64144ccf1df_6.0.22621.5547_none_27104afb73855772;c:\Users\OS\.vscode\extensions\redhat.java-1.46.0-win32-x64\jre\21.0.8-win32-x86_64\bin\server;C:\Users\OS\AppData\Roaming\Code\User\globalStorage\redhat.java\1.46.0\config_ss_win\org.eclipse.equinox.launcher\org.eclipse.equinox.launcher.win32.win32.x86_64_1.2.1400.v20250801-0854

VM Arguments:
jvm_args: --add-modules=ALL-SYSTEM --add-opens=java.base/java.util=ALL-UNNAMED --add-opens=java.base/java.lang=ALL-UNNAMED --add-opens=java.base/sun.nio.fs=ALL-UNNAMED -Declipse.application=org.eclipse.jdt.ls.core.id1 -Dosgi.bundles.defaultStartLevel=4 -Declipse.product=org.eclipse.jdt.ls.core.product -Djava.import.generatesMetadataFilesAtProjectRoot=false -DDetectVMInstallationsJob.disabled=true -Dfile.encoding=utf8 -XX:+UseParallelGC -XX:GCTimeRatio=4 -XX:AdaptiveSizePolicyWeight=90 -Dsun.zip.disableMemoryMapping=true -Xmx2G -Xms100m -Xlog:disable -javaagent:c:\Users\OS\.vscode\extensions\redhat.java-1.46.0-win32-x64\lombok\lombok-1.18.39-4050.jar 
java_command: c:\Users\OS\.vscode\extensions\redhat.java-1.46.0-win32-x64\server\plugins\org.eclipse.equinox.launcher_1.7.0.v20250519-0528.jar -configuration c:\Users\OS\AppData\Roaming\Code\User\globalStorage\redhat.java\1.46.0\config_ss_win -data c:\Users\OS\AppData\Roaming\Code\User\workspaceStorage\c1548e1e2ef79f09e72cef297ba1ae20\redhat.java\ss_ws --pipe=\\.\pipe\lsp-2391afb9085da00f3280c35f5a910bf6-sock
java_class_path (initial): c:\Users\OS\.vscode\extensions\redhat.java-1.46.0-win32-x64\server\plugins\org.eclipse.equinox.launcher_1.7.0.v20250519-0528.jar
Launcher Type: SUN_STANDARD

[Global flags]
    uintx AdaptiveSizePolicyWeight                 = 90                                        {product} {command line}
     intx CICompilerCount                          = 4                                         {product} {ergonomic}
    uintx GCTimeRatio                              = 4                                         {product} {command line}
   size_t InitialHeapSize                          = 104857600                                 {product} {command line}
   size_t MaxHeapSize                              = 2147483648                                {product} {command line}
   size_t MaxNewSize                               = 715653120                                 {product} {ergonomic}
   size_t MinHeapDeltaBytes                        = 524288                                    {product} {ergonomic}
   size_t MinHeapSize                              = 104857600                                 {product} {command line}
   size_t NewSize                                  = 34603008                                  {product} {ergonomic}
    uintx NonNMethodCodeHeapSize                   = 5839372                                {pd product} {ergonomic}
    uintx NonProfiledCodeHeapSize                  = 122909434                              {pd product} {ergonomic}
   size_t OldSize                                  = 70254592                                  {product} {ergonomic}
    uintx ProfiledCodeHeapSize                     = 122909434                              {pd product} {ergonomic}
    uintx ReservedCodeCacheSize                    = 251658240                              {pd product} {ergonomic}
     bool SegmentedCodeCache                       = true                                      {product} {ergonomic}
   size_t SoftMaxHeapSize                          = 2147483648                             {manageable} {ergonomic}
     bool UseCompressedOops                        = true                           {product lp64_product} {ergonomic}
     bool UseLargePagesIndividualAllocation        = false                                  {pd product} {ergonomic}
     bool UseParallelGC                            = true                                      {product} {command line}

Logging:
Log output configuration:
 #0: stdout all=off uptime,level,tags foldmultilines=false
 #1: stderr all=off uptime,level,tags foldmultilines=false

Environment Variables:
JAVA_HOME=C:\Program Files\Java\jdk-17
CLASSPATH=C:\Program Files\Java\jdk1.8.0_45\*.jar
PATH=C:\Program Files\Java\apache-maven-3.6.0\bin;C:\Program Files\Common Files\Oracle\Java\javapath;C:\Program Files (x86)\Common Files\Oracle\Java\java8path;C:\Program Files (x86)\Common Files\Oracle\Java\javapath;C:\Program Files\Java\jdk1.8.0_45\bin;C:\Program Files (x86)\VMware\VMware Workstation\bin\;C:\CODE T\JDK Hotspot\bin;C:\ProgramData\Oracle\Java\javapath;C:\Windows\system32;C:\Windows;C:\Windows\System32\Wbem;C:\Windows\System32\WindowsPowerShell\v1.0\;C:\Windows\System32\OpenSSH\;C:\Program Files (x86)\NVIDIA Corporation\PhysX\Common;C:\WINDOWS\system32;C:\WINDOWS;C:\WINDOWS\System32\Wbem;C:\WINDOWS\System32\WindowsPowerShell\v1.0\;C:\WINDOWS\System32\OpenSSH\;C:\Program Files\dotnet\;C:\Program Files (x86)\Microsoft SQL Server\160\Tools\Binn\;C:\Program Files\Microsoft SQL Server\160\Tools\Binn\;C:\Program Files\Microsoft SQL Server\Client SDK\ODBC\170\Tools\Binn\;C:\Program Files\Microsoft SQL Server\160\DTS\Binn\;C:\Program Files\Microsoft SQL Server\130\Tools\Binn\;C:\Program Files\Git\cmd;C:\Program Files\Cloudflare\Cloudflare WARP\;C:\Program Files (x86)\dotnet\;C:\Users\OS\AppData\Local\Microsoft\WindowsApps;;C:\CODE T\Microsoft VS Code\bin
USERNAME=OS
OS=Windows_NT
PROCESSOR_IDENTIFIER=Intel64 Family 6 Model 140 Stepping 1, GenuineIntel
TMP=C:\Users\OS\AppData\Local\Temp
TEMP=C:\Users\OS\AppData\Local\Temp




Periodic native trim disabled

---------------  S Y S T E M  ---------------

OS:
 Windows 11 , 64 bit Build 22621 (10.0.22621.5415)
OS uptime: 0 days 1:50 hours

CPU: total 8 (initial active 8) (4 cores per cpu, 2 threads per core) family 6 model 140 stepping 1 microcode 0x86, cx8, cmov, fxsr, ht, mmx, 3dnowpref, sse, sse2, sse3, ssse3, sse4.1, sse4.2, popcnt, lzcnt, tsc, tscinvbit, avx, avx2, aes, erms, clmul, bmi1, bmi2, adx, avx512f, avx512dq, avx512cd, avx512bw, avx512vl, sha, fma, vzeroupper, avx512_vpopcntdq, avx512_vpclmulqdq, avx512_vaes, avx512_vnni, clflush, clflushopt, clwb, avx512_vbmi2, avx512_vbmi, rdtscp, rdpid, fsrm, gfni, avx512_bitalg, f16c, pku, cet_ibt, cet_ss, avx512_ifma
Processor Information for the first 8 processors :
  Max Mhz: 3110, Current Mhz: 3110, Mhz Limit: 3110

Memory: 4k page, system-wide physical 16179M (3081M free)
TotalPageFile size 20939M (AvailPageFile size 0M)
current process WorkingSet (physical memory assigned to process): 94M, peak: 94M
current process commit charge ("private bytes"): 241M, peak: 242M

vm_info: OpenJDK 64-Bit Server VM (21.0.8+9-LTS) for windows-amd64 JRE (21.0.8+9-LTS), built on 2025-07-15T00:00:00Z by "admin" with MS VC++ 17.7 (VS2022)

END.
